<?xml version="1.0" encoding="UTF-8"?>
<!-- Generated by org.testng.reporters.JUnitReportReporter -->
<testsuite hostname="DESKTOP-476Q6F1" failures="0" tests="1" name="ui.LoginTest" time="16.073" errors="0" timestamp="2023-09-11T15:43:07 BRT" skipped="0">
  <testcase classname="ui.LoginTest" name="runTests" time="16.073"/>
</testsuite> <!-- ui.LoginTest -->
